<?xml version="1.0" encoding="UTF-8"?>
<!-- Generated by org.testng.reporters.JUnitReportReporter -->
<testsuite hostname="DESKTOP-6MM3MGS" failures="0" tests="6" name="abc.DependsOnGroups" time="0.038" errors="0" timestamp="2023-12-11T12:23:56 IST" skipped="0">
  <testcase classname="abc.DependsOnGroups" name="Test6" time="0.006"/>
  <testcase classname="abc.DependsOnGroups" name="Test4" time="0.010"/>
  <testcase classname="abc.DependsOnGroups" name="Test5" time="0.006"/>
  <testcase classname="abc.DependsOnGroups" name="Test3" time="0.004"/>
  <testcase classname="abc.DependsOnGroups" name="Test2" time="0.003"/>
  <testcase classname="abc.DependsOnGroups" name="Test1" time="0.009"/>
</testsuite> <!-- abc.DependsOnGroups -->
