<?xml version="1.0" encoding="UTF-8"?>
<!-- Generated by org.testng.reporters.JUnitReportReporter -->
<testsuite hostname="DESKTOP-6MM3MGS" failures="0" tests="3" name="ignoreanntation.NewTest" time="0.028" errors="0" timestamp="2023-12-10T05:11:27 IST" skipped="2">
  <testcase classname="ignoreanntation.NewTest" name="Test4" time="0.028"/>
  <testcase classname="ignoreanntation.NewTest" name="Test5">
    <skipped/>
  </testcase> <!-- Test5 -->
  <testcase classname="ignoreanntation.NewTest" name="Test6">
    <skipped/>
  </testcase> <!-- Test6 -->
</testsuite> <!-- ignoreanntation.NewTest -->
