<?xml version="1.0" encoding="UTF-8"?>
<!-- Generated by org.testng.reporters.JUnitReportReporter -->
<testsuite hostname="DESKTOP-6MM3MGS" failures="0" tests="1" name="testNGpractice.SoftAssertions" time="17.021" errors="0" timestamp="2023-12-09T01:51:49 IST" skipped="0">
  <testcase classname="testNGpractice.SoftAssertions" name="facebookLogIn" time="17.021"/>
</testsuite> <!-- testNGpractice.SoftAssertions -->
