<?xml version="1.0" encoding="UTF-8"?>
<!-- Generated by org.testng.reporters.JUnitReportReporter -->
<testsuite hostname="DESKTOP-6MM3MGS" failures="0" tests="2" name="testNGpractice.DataProvider5" time="0.021" errors="0" timestamp="2023-12-12T05:58:53 IST" skipped="0">
  <testcase classname="testNGpractice.DataProvider5" name="test" time="0.015"/>
  <testcase classname="testNGpractice.DataProvider5" name="test" time="0.006"/>
</testsuite> <!-- testNGpractice.DataProvider5 -->
