<?xml version="1.0" encoding="UTF-8"?>
<!-- Generated by org.testng.reporters.JUnitReportReporter -->
<testsuite hostname="DESKTOP-6MM3MGS" failures="0" tests="3" name="testNGpractice.DependsOnMethods" time="0.023" errors="0" timestamp="2024-02-05T10:14:01 IST" skipped="1">
  <testcase classname="testNGpractice.DependsOnMethods" name="trackShipment" time="0.018"/>
  <testcase classname="testNGpractice.DependsOnMethods" name="deleteShipment" time="0.005"/>
  <testcase classname="testNGpractice.DependsOnMethods" name="createShipment">
    <skipped/>
  </testcase> <!-- createShipment -->
</testsuite> <!-- testNGpractice.DependsOnMethods -->
