<?xml version="1.0" encoding="UTF-8"?>
<!-- Generated by org.testng.reporters.JUnitReportReporter -->
<testsuite hostname="DESKTOP-6MM3MGS" failures="0" tests="3" name="testNGpractice.DataProvider3" time="0.025" errors="0" timestamp="2023-12-12T05:45:22 IST" skipped="0">
  <testcase classname="testNGpractice.DataProvider3" name="test" time="0.016"/>
  <testcase classname="testNGpractice.DataProvider3" name="test" time="0.005"/>
  <testcase classname="testNGpractice.DataProvider3" name="test" time="0.004"/>
</testsuite> <!-- testNGpractice.DataProvider3 -->
