<?xml version="1.0" encoding="UTF-8"?>
<!-- Generated by org.testng.reporters.JUnitReportReporter -->
<testsuite hostname="DESKTOP-6MM3MGS" failures="0" tests="11" name="testNGpractice.SwagLabs" time="1.941" errors="0" timestamp="2023-12-09T07:43:45 IST" skipped="0">
  <testcase classname="testNGpractice.SwagLabs" name="logInValidation" time="0.029"/>
  <testcase classname="testNGpractice.SwagLabs" name="addToCart" time="0.202"/>
  <testcase classname="testNGpractice.SwagLabs" name="addToCartValidation" time="0.228"/>
  <testcase classname="testNGpractice.SwagLabs" name="checkOut" time="0.123"/>
  <testcase classname="testNGpractice.SwagLabs" name="checkOutValidation" time="0.029"/>
  <testcase classname="testNGpractice.SwagLabs" name="information" time="0.678"/>
  <testcase classname="testNGpractice.SwagLabs" name="informationValidation" time="0.014"/>
  <testcase classname="testNGpractice.SwagLabs" name="finish" time="0.256"/>
  <testcase classname="testNGpractice.SwagLabs" name="backHomeValidation" time="0.018"/>
  <testcase classname="testNGpractice.SwagLabs" name="logOut" time="0.348"/>
  <testcase classname="testNGpractice.SwagLabs" name="logOutValidation" time="0.016"/>
</testsuite> <!-- testNGpractice.SwagLabs -->
