<?xml version="1.0" encoding="UTF-8"?>
<!-- Generated by org.testng.reporters.JUnitReportReporter -->
<testsuite hostname="DESKTOP-6MM3MGS" failures="0" tests="1" name="abc.DependsOnMethods" time="0.020" errors="0" timestamp="2023-12-14T01:41:02 IST" skipped="0">
  <testcase classname="abc.DependsOnMethods" name="test1" time="0.020"/>
</testsuite> <!-- abc.DependsOnMethods -->
