<?xml version="1.0" encoding="UTF-8"?>
<!-- Generated by org.testng.reporters.JUnitReportReporter -->
<testsuite hostname="DESKTOP-6MM3MGS" failures="0" tests="3" name="screenshots.NewTest" time="18.646" errors="1" timestamp="2023-12-15T13:06:55 IST" skipped="1">
  <testcase classname="screenshots.NewTest" name="LoginFacebook" time="3.030">
    <error message="Method screenshots.NewTest.LoginFacebook() didn&#039;t finish within the time-out 3000" type="org.testng.internal.thread.ThreadTimeoutException">
      <![CDATA[org.testng.internal.thread.ThreadTimeoutException: Method screenshots.NewTest.LoginFacebook() didn't finish within the time-out 3000
at java.base@17.0.7/java.lang.Thread.sleep(Native Method)
at app//screenshots.NewTest.LoginFacebook(NewTest.java:34)
at java.base@17.0.7/jdk.internal.reflect.NativeMethodAccessorImpl.invoke0(Native Method)
at java.base@17.0.7/jdk.internal.reflect.NativeMethodAccessorImpl.invoke(NativeMethodAccessorImpl.java:77)
at java.base@17.0.7/jdk.internal.reflect.DelegatingMethodAccessorImpl.invoke(DelegatingMethodAccessorImpl.java:43)
at java.base@17.0.7/java.lang.reflect.Method.invoke(Method.java:568)
at app//org.testng.internal.invokers.MethodInvocationHelper.invokeMethod(MethodInvocationHelper.java:139)
at app//org.testng.internal.invokers.InvokeMethodRunnable.runOne(InvokeMethodRunnable.java:47)
at app//org.testng.internal.invokers.InvokeMethodRunnable.call(InvokeMethodRunnable.java:76)
at app//org.testng.internal.invokers.InvokeMethodRunnable.call(InvokeMethodRunnable.java:11)
at java.base@17.0.7/java.util.concurrent.FutureTask.run(FutureTask.java:264)
at java.base@17.0.7/java.util.concurrent.ThreadPoolExecutor.runWorker(ThreadPoolExecutor.java:1136)
at java.base@17.0.7/java.util.concurrent.ThreadPoolExecutor$Worker.run(ThreadPoolExecutor.java:635)
at java.base@17.0.7/java.lang.Thread.run(Thread.java:833)
]]>
    </error>
  </testcase> <!-- LoginFacebook -->
  <testcase classname="screenshots.NewTest" name="LoginVtiger" time="0.000">
    <skipped/>
  </testcase> <!-- LoginVtiger -->
  <testcase classname="screenshots.NewTest" name="LogInOrangeHRM" time="15.616"/>
</testsuite> <!-- screenshots.NewTest -->
