<?xml version="1.0" encoding="UTF-8"?>
<!-- Generated by org.testng.reporters.JUnitReportReporter -->
<testsuite hostname="DESKTOP-6MM3MGS" failures="0" tests="2" name="testNGpractice.DataProvider2" time="0.029" errors="0" timestamp="2023-12-12T05:34:24 IST" skipped="0">
  <testcase classname="testNGpractice.DataProvider2" name="test" time="0.022"/>
  <testcase classname="testNGpractice.DataProvider2" name="test" time="0.007"/>
</testsuite> <!-- testNGpractice.DataProvider2 -->
