<?xml version="1.0" encoding="UTF-8"?>
<!-- Generated by org.testng.reporters.JUnitReportReporter -->
<testsuite hostname="DESKTOP-6MM3MGS" failures="0" tests="4" name="testNGpractice.PriorityAnnotation" time="0.035" errors="0" timestamp="2023-12-10T05:18:15 IST" skipped="0">
  <testcase classname="testNGpractice.PriorityAnnotation" name="A" time="0.021"/>
  <testcase classname="testNGpractice.PriorityAnnotation" name="Z" time="0.006"/>
  <testcase classname="testNGpractice.PriorityAnnotation" name="G" time="0.004"/>
  <testcase classname="testNGpractice.PriorityAnnotation" name="D" time="0.004"/>
</testsuite> <!-- testNGpractice.PriorityAnnotation -->
