<?xml version="1.0" encoding="UTF-8"?>
<!-- Generated by org.testng.reporters.JUnitReportReporter -->
<testsuite hostname="DESKTOP-6MM3MGS" failures="0" tests="3" name="ignoreanntation.NewTest1" time="0.025" errors="0" timestamp="2023-12-10T05:12:21 IST" skipped="0">
  <testcase classname="ignoreanntation.NewTest1" name="Test3" time="0.005"/>
  <testcase classname="ignoreanntation.NewTest1" name="Test2" time="0.004"/>
  <testcase classname="ignoreanntation.NewTest1" name="Test1" time="0.016"/>
</testsuite> <!-- ignoreanntation.NewTest1 -->
