<?xml version="1.0" encoding="UTF-8"?>
<!-- Generated by org.testng.reporters.JUnitReportReporter -->
<testsuite hostname="DESKTOP-6MM3MGS" failures="0" tests="4" name="groupingconcept.Demo2" time="0.064" errors="0" timestamp="2023-12-11T12:23:56 IST" skipped="0">
  <testcase classname="groupingconcept.Demo2" name="Test5" time="0.006"/>
  <testcase classname="groupingconcept.Demo2" name="Test7" time="0.014"/>
  <testcase classname="groupingconcept.Demo2" name="Test6" time="0.017"/>
  <testcase classname="groupingconcept.Demo2" name="Test4" time="0.027"/>
</testsuite> <!-- groupingconcept.Demo2 -->
