<?xml version="1.0" encoding="UTF-8"?>
<!-- Generated by org.testng.reporters.JUnitReportReporter -->
<testsuite hostname="DESKTOP-6MM3MGS" failures="0" tests="6" name="testNGpractice.VtigerParameters" time="25.490" errors="0" timestamp="2023-12-09T17:04:44 IST" skipped="0">
  <testcase classname="testNGpractice.VtigerParameters" name="logInApp" time="6.144"/>
  <testcase classname="testNGpractice.VtigerParameters" name="logInApp" time="4.575"/>
  <testcase classname="testNGpractice.VtigerParameters" name="contactCreation" time="7.609"/>
  <testcase classname="testNGpractice.VtigerParameters" name="launchApp" time="1.461"/>
  <testcase classname="testNGpractice.VtigerParameters" name="launchApp" time="5.535"/>
  <testcase classname="testNGpractice.VtigerParameters" name="logInValidation" time="0.166"/>
</testsuite> <!-- testNGpractice.VtigerParameters -->
