<?xml version="1.0" encoding="UTF-8"?>
<!-- Generated by org.testng.reporters.JUnitReportReporter -->
<testsuite hostname="DESKTOP-6MM3MGS" failures="0" tests="4" name="testNGpractice.Invocation" time="93.674" errors="0" timestamp="2023-12-12T16:12:41 IST" skipped="0">
  <testcase classname="testNGpractice.Invocation" name="test1" time="26.248"/>
  <testcase classname="testNGpractice.Invocation" name="test1" time="18.514"/>
  <testcase classname="testNGpractice.Invocation" name="test1" time="28.955"/>
  <testcase classname="testNGpractice.Invocation" name="test1" time="19.957"/>
</testsuite> <!-- testNGpractice.Invocation -->
