<?xml version="1.0" encoding="UTF-8"?>
<!-- Generated by org.testng.reporters.JUnitReportReporter -->
<testsuite hostname="DESKTOP-6MM3MGS" failures="0" tests="1" name="testNGpractice.FirstTest" time="10.807" errors="0" timestamp="2023-12-07T15:21:40 IST" skipped="0">
  <testcase classname="testNGpractice.FirstTest" name="first" time="10.807"/>
</testsuite> <!-- testNGpractice.FirstTest -->
