<?xml version="1.0" encoding="UTF-8"?>
<!-- Generated by org.testng.reporters.JUnitReportReporter -->
<testsuite hostname="DESKTOP-6MM3MGS" failures="0" tests="6" name="groupingconcept.DependsOnGroups" time="0.033" errors="0" timestamp="2023-12-11T12:20:05 IST" skipped="0">
  <testcase classname="groupingconcept.DependsOnGroups" name="Test6" time="0.003"/>
  <testcase classname="groupingconcept.DependsOnGroups" name="Test4" time="0.007"/>
  <testcase classname="groupingconcept.DependsOnGroups" name="Test5" time="0.002"/>
  <testcase classname="groupingconcept.DependsOnGroups" name="Test3" time="0.006"/>
  <testcase classname="groupingconcept.DependsOnGroups" name="Test2" time="0.007"/>
  <testcase classname="groupingconcept.DependsOnGroups" name="Test1" time="0.008"/>
</testsuite> <!-- groupingconcept.DependsOnGroups -->
