<?xml version="1.0" encoding="UTF-8"?>
<!-- Generated by org.testng.reporters.JUnitReportReporter -->
<testsuite hostname="DESKTOP-6MM3MGS" failures="0" tests="2" name="testNGpractice.TestAnnotations" time="0.027" errors="0" timestamp="2023-12-09T07:47:05 IST" skipped="0">
  <testcase classname="testNGpractice.TestAnnotations" name="Test1" time="0.017"/>
  <testcase classname="testNGpractice.TestAnnotations" name="Test2" time="0.010"/>
</testsuite> <!-- testNGpractice.TestAnnotations -->
