<?xml version="1.0" encoding="UTF-8"?>
<!-- Generated by org.testng.reporters.JUnitReportReporter -->
<testsuite hostname="DESKTOP-6MM3MGS" failures="0" tests="3" name="groupingconcept.Demo1" time="0.022" errors="0" timestamp="2023-12-11T12:23:56 IST" skipped="0">
  <testcase classname="groupingconcept.Demo1" name="Test2" time="0.009"/>
  <testcase classname="groupingconcept.Demo1" name="Test3" time="0.007"/>
  <testcase classname="groupingconcept.Demo1" name="Test1" time="0.006"/>
</testsuite> <!-- groupingconcept.Demo1 -->
