<?xml version="1.0" encoding="UTF-8"?>
<!-- Generated by org.testng.reporters.JUnitReportReporter -->
<testsuite hostname="DESKTOP-6MM3MGS" failures="0" tests="1" name="abc.DependsOnMethods2" time="0.004" errors="0" timestamp="2023-12-14T01:37:48 IST" skipped="0">
  <testcase classname="abc.DependsOnMethods2" name="test7" time="0.004"/>
</testsuite> <!-- abc.DependsOnMethods2 -->
