<?xml version="1.0" encoding="UTF-8"?>
<!-- Generated by org.testng.reporters.JUnitReportReporter -->
<testsuite hostname="DESKTOP-6MM3MGS" failures="0" tests="1" name="testNGpractice.HardAssertions" time="20.464" errors="0" timestamp="2023-12-09T01:46:45 IST" skipped="0">
  <testcase classname="testNGpractice.HardAssertions" name="facebookLogIn" time="20.464"/>
</testsuite> <!-- testNGpractice.HardAssertions -->
