<?xml version="1.0" encoding="UTF-8"?>
<!-- Generated by org.testng.reporters.JUnitReportReporter -->
<testsuite hostname="DESKTOP-6MM3MGS" failures="0" tests="3" name="groupingconcept.Demo3" time="0.026" errors="0" timestamp="2023-12-11T12:23:56 IST" skipped="0">
  <testcase classname="groupingconcept.Demo3" name="Test9" time="0.006"/>
  <testcase classname="groupingconcept.Demo3" name="Test8" time="0.010"/>
  <testcase classname="groupingconcept.Demo3" name="Test10" time="0.010"/>
</testsuite> <!-- groupingconcept.Demo3 -->
