<?xml version="1.0" encoding="UTF-8"?>
<!-- Generated by org.testng.reporters.JUnitReportReporter -->
<testsuite hostname="DESKTOP-6MM3MGS" failures="0" tests="1" name="BasicTesting.PrametersPractice" time="16.774" errors="0" timestamp="2023-12-14T00:41:10 IST" skipped="0">
  <testcase classname="BasicTesting.PrametersPractice" name="test1" time="16.774"/>
</testsuite> <!-- BasicTesting.PrametersPractice -->
