<?xml version="1.0" encoding="UTF-8"?>
<!-- Generated by org.testng.reporters.JUnitReportReporter -->
<testsuite hostname="DESKTOP-6MM3MGS" failures="0" tests="3" name="testNGpractice.ScreenShot" time="1.135" errors="0" timestamp="2023-12-08T17:38:07 IST" skipped="0">
  <testcase classname="testNGpractice.ScreenShot" name="screenShot2" time="0.318"/>
  <testcase classname="testNGpractice.ScreenShot" name="elementScreenShot" time="0.268"/>
  <testcase classname="testNGpractice.ScreenShot" name="screenShot" time="0.549"/>
</testsuite> <!-- testNGpractice.ScreenShot -->
