<?xml version="1.0" encoding="UTF-8"?>
<!-- Generated by org.testng.reporters.JUnitReportReporter -->
<testsuite hostname="DESKTOP-6MM3MGS" failures="0" tests="3" name="testNGpractice.DataProvider4" time="0.029" errors="0" timestamp="2023-12-12T05:53:06 IST" skipped="0">
  <testcase classname="testNGpractice.DataProvider4" name="test" time="0.018"/>
  <testcase classname="testNGpractice.DataProvider4" name="test" time="0.005"/>
  <testcase classname="testNGpractice.DataProvider4" name="test" time="0.006"/>
</testsuite> <!-- testNGpractice.DataProvider4 -->
